11:32:18 INFO: starting simulation...
11:32:18 INFO: simulation end
11:32:18 INFO: getting data from instance...
11:32:18 INFO: #########
11:32:19 INFO: 	 Status: Optimal
11:32:19 INFO: q_(0,_0) 0.0
11:32:19 INFO: q_(0,_1) 32.0
11:32:19 INFO: q_(0,_2) 0.0
11:32:19 INFO: q_(1,_0) 0.0
11:32:19 INFO: q_(1,_1) 0.0
11:32:19 INFO: q_(1,_2) 0.0
11:32:19 INFO: q_(2,_0) 0.0
11:32:19 INFO: q_(2,_1) 29.0
11:32:19 INFO: q_(2,_2) 0.0
11:32:19 INFO: q_NE_(0,_0) 0.0
11:32:19 INFO: q_NE_(0,_1) 0.0
11:32:19 INFO: q_NE_(0,_2) 0.0
11:32:19 INFO: q_NE_(1,_0) 0.0
11:32:19 INFO: q_NE_(1,_1) 0.0
11:32:19 INFO: q_NE_(1,_2) 0.0
11:32:19 INFO: q_NE_(2,_0) 0.0
11:32:19 INFO: q_NE_(2,_1) 14.0
11:32:19 INFO: q_NE_(2,_2) 0.0
11:32:19 INFO: q_NW_(0,_0) 0.0
11:32:19 INFO: q_NW_(0,_1) 0.0
11:32:19 INFO: q_NW_(0,_2) 0.0
11:32:19 INFO: q_NW_(1,_0) 0.0
11:32:19 INFO: q_NW_(1,_1) 0.0
11:32:19 INFO: q_NW_(1,_2) 0.0
11:32:19 INFO: q_NW_(2,_0) 0.0
11:32:19 INFO: q_NW_(2,_1) 15.0
11:32:19 INFO: q_NW_(2,_2) 0.0
11:32:19 INFO: q_SE_(0,_0) 0.0
11:32:19 INFO: q_SE_(0,_1) 18.0
11:32:19 INFO: q_SE_(0,_2) 0.0
11:32:19 INFO: q_SE_(1,_0) 0.0
11:32:19 INFO: q_SE_(1,_1) 0.0
11:32:19 INFO: q_SE_(1,_2) 0.0
11:32:19 INFO: q_SE_(2,_0) 0.0
11:32:19 INFO: q_SE_(2,_1) 0.0
11:32:19 INFO: q_SE_(2,_2) 0.0
11:32:19 INFO: q_SW_(0,_0) 0.0
11:32:19 INFO: q_SW_(0,_1) 14.0
11:32:19 INFO: q_SW_(0,_2) 0.0
11:32:19 INFO: q_SW_(1,_0) 0.0
11:32:19 INFO: q_SW_(1,_1) 0.0
11:32:19 INFO: q_SW_(1,_2) 0.0
11:32:19 INFO: q_SW_(2,_0) 0.0
11:32:19 INFO: q_SW_(2,_1) 0.0
11:32:19 INFO: q_SW_(2,_2) 0.0
11:32:19 INFO: x_(0,_0) 0.0
11:32:19 INFO: x_(0,_1) 1.0
11:32:19 INFO: x_(0,_2) 0.0
11:32:19 INFO: x_(1,_0) 0.0
11:32:19 INFO: x_(1,_1) 0.0
11:32:19 INFO: x_(1,_2) 0.0
11:32:19 INFO: x_(2,_0) 0.0
11:32:19 INFO: x_(2,_1) 1.0
11:32:19 INFO: x_(2,_2) 0.0
11:32:19 INFO: z_(0,_0,_0) 0.0
11:32:19 INFO: z_(0,_0,_1) 1.0
11:32:19 INFO: z_(0,_0,_2) 0.0
11:32:19 INFO: z_(0,_0,_3) 0.0
11:32:19 INFO: z_(0,_0,_4) 0.0
11:32:19 INFO: z_(0,_1,_0) 0.0
11:32:19 INFO: z_(0,_1,_1) 1.0
11:32:19 INFO: z_(0,_1,_2) 0.0
11:32:19 INFO: z_(0,_1,_3) 0.0
11:32:19 INFO: z_(0,_1,_4) 0.0
11:32:19 INFO: z_(1,_0,_0) 0.0
11:32:19 INFO: z_(1,_0,_1) 1.0
11:32:19 INFO: z_(1,_0,_2) 0.0
11:32:19 INFO: z_(1,_0,_3) 0.0
11:32:19 INFO: z_(1,_0,_4) 0.0
11:32:19 INFO: z_(1,_1,_0) 0.0
11:32:19 INFO: z_(1,_1,_1) 1.0
11:32:19 INFO: z_(1,_1,_2) 0.0
11:32:19 INFO: z_(1,_1,_3) 0.0
11:32:19 INFO: z_(1,_1,_4) 0.0
11:32:19 INFO: #########
11:32:51 INFO: starting simulation...
11:32:51 INFO: simulation end
11:32:51 INFO: getting data from instance...
11:32:51 INFO: #########
11:32:51 INFO: 	 Status: Optimal
11:32:51 INFO: q_(0,_0) 0.0
11:32:51 INFO: q_(0,_1) 32.0
11:32:51 INFO: q_(0,_2) 0.0
11:32:51 INFO: q_(1,_0) 0.0
11:32:51 INFO: q_(1,_1) 0.0
11:32:51 INFO: q_(1,_2) 0.0
11:32:51 INFO: q_(2,_0) 0.0
11:32:51 INFO: q_(2,_1) 29.0
11:32:51 INFO: q_(2,_2) 0.0
11:32:51 INFO: q_NE_(0,_0) 0.0
11:32:51 INFO: q_NE_(0,_1) 0.0
11:32:51 INFO: q_NE_(0,_2) 0.0
11:32:51 INFO: q_NE_(1,_0) 0.0
11:32:51 INFO: q_NE_(1,_1) 0.0
11:32:51 INFO: q_NE_(1,_2) 0.0
11:32:51 INFO: q_NE_(2,_0) 0.0
11:32:51 INFO: q_NE_(2,_1) 14.0
11:32:51 INFO: q_NE_(2,_2) 0.0
11:32:51 INFO: q_NW_(0,_0) 0.0
11:32:51 INFO: q_NW_(0,_1) 0.0
11:32:51 INFO: q_NW_(0,_2) 0.0
11:32:51 INFO: q_NW_(1,_0) 0.0
11:32:51 INFO: q_NW_(1,_1) 0.0
11:32:51 INFO: q_NW_(1,_2) 0.0
11:32:51 INFO: q_NW_(2,_0) 0.0
11:32:51 INFO: q_NW_(2,_1) 15.0
11:32:51 INFO: q_NW_(2,_2) 0.0
11:32:51 INFO: q_SE_(0,_0) 0.0
11:32:51 INFO: q_SE_(0,_1) 18.0
11:32:51 INFO: q_SE_(0,_2) 0.0
11:32:51 INFO: q_SE_(1,_0) 0.0
11:32:51 INFO: q_SE_(1,_1) 0.0
11:32:51 INFO: q_SE_(1,_2) 0.0
11:32:51 INFO: q_SE_(2,_0) 0.0
11:32:51 INFO: q_SE_(2,_1) 0.0
11:32:51 INFO: q_SE_(2,_2) 0.0
11:32:51 INFO: q_SW_(0,_0) 0.0
11:32:51 INFO: q_SW_(0,_1) 14.0
11:32:51 INFO: q_SW_(0,_2) 0.0
11:32:51 INFO: q_SW_(1,_0) 0.0
11:32:51 INFO: q_SW_(1,_1) 0.0
11:32:51 INFO: q_SW_(1,_2) 0.0
11:32:51 INFO: q_SW_(2,_0) 0.0
11:32:51 INFO: q_SW_(2,_1) 0.0
11:32:51 INFO: q_SW_(2,_2) 0.0
11:32:51 INFO: x_(0,_0) 0.0
11:32:51 INFO: x_(0,_1) 1.0
11:32:51 INFO: x_(0,_2) 0.0
11:32:51 INFO: x_(1,_0) 0.0
11:32:51 INFO: x_(1,_1) 0.0
11:32:51 INFO: x_(1,_2) 0.0
11:32:51 INFO: x_(2,_0) 0.0
11:32:51 INFO: x_(2,_1) 1.0
11:32:51 INFO: x_(2,_2) 0.0
11:32:51 INFO: z_(0,_0,_0) 0.0
11:32:51 INFO: z_(0,_0,_1) 1.0
11:32:51 INFO: z_(0,_0,_2) 0.0
11:32:51 INFO: z_(0,_0,_3) 0.0
11:32:51 INFO: z_(0,_0,_4) 0.0
11:32:51 INFO: z_(0,_1,_0) 0.0
11:32:51 INFO: z_(0,_1,_1) 1.0
11:32:51 INFO: z_(0,_1,_2) 0.0
11:32:51 INFO: z_(0,_1,_3) 0.0
11:32:51 INFO: z_(0,_1,_4) 0.0
11:32:51 INFO: z_(1,_0,_0) 0.0
11:32:51 INFO: z_(1,_0,_1) 1.0
11:32:51 INFO: z_(1,_0,_2) 0.0
11:32:51 INFO: z_(1,_0,_3) 0.0
11:32:51 INFO: z_(1,_0,_4) 0.0
11:32:51 INFO: z_(1,_1,_0) 0.0
11:32:51 INFO: z_(1,_1,_1) 1.0
11:32:51 INFO: z_(1,_1,_2) 0.0
11:32:51 INFO: z_(1,_1,_3) 0.0
11:32:51 INFO: z_(1,_1,_4) 0.0
11:32:51 INFO: #########
11:33:18 INFO: starting simulation...
11:33:18 INFO: simulation end
11:33:18 INFO: getting data from instance...
11:33:18 INFO: #########
11:33:18 INFO: 	 Status: Optimal
11:33:18 INFO: q_(0,_0) 0.0
11:33:18 INFO: q_(0,_1) 32.0
11:33:18 INFO: q_(0,_2) 0.0
11:33:18 INFO: q_(1,_0) 0.0
11:33:18 INFO: q_(1,_1) 0.0
11:33:18 INFO: q_(1,_2) 0.0
11:33:18 INFO: q_(2,_0) 0.0
11:33:18 INFO: q_(2,_1) 29.0
11:33:18 INFO: q_(2,_2) 0.0
11:33:18 INFO: q_NE_(0,_0) 0.0
11:33:18 INFO: q_NE_(0,_1) 0.0
11:33:18 INFO: q_NE_(0,_2) 0.0
11:33:18 INFO: q_NE_(1,_0) 0.0
11:33:18 INFO: q_NE_(1,_1) 0.0
11:33:18 INFO: q_NE_(1,_2) 0.0
11:33:18 INFO: q_NE_(2,_0) 0.0
11:33:18 INFO: q_NE_(2,_1) 14.0
11:33:18 INFO: q_NE_(2,_2) 0.0
11:33:18 INFO: q_NW_(0,_0) 0.0
11:33:18 INFO: q_NW_(0,_1) 0.0
11:33:18 INFO: q_NW_(0,_2) 0.0
11:33:18 INFO: q_NW_(1,_0) 0.0
11:33:18 INFO: q_NW_(1,_1) 0.0
11:33:18 INFO: q_NW_(1,_2) 0.0
11:33:18 INFO: q_NW_(2,_0) 0.0
11:33:18 INFO: q_NW_(2,_1) 15.0
11:33:18 INFO: q_NW_(2,_2) 0.0
11:33:18 INFO: q_SE_(0,_0) 0.0
11:33:18 INFO: q_SE_(0,_1) 18.0
11:33:18 INFO: q_SE_(0,_2) 0.0
11:33:18 INFO: q_SE_(1,_0) 0.0
11:33:18 INFO: q_SE_(1,_1) 0.0
11:33:18 INFO: q_SE_(1,_2) 0.0
11:33:18 INFO: q_SE_(2,_0) 0.0
11:33:18 INFO: q_SE_(2,_1) 0.0
11:33:18 INFO: q_SE_(2,_2) 0.0
11:33:18 INFO: q_SW_(0,_0) 0.0
11:33:18 INFO: q_SW_(0,_1) 14.0
11:33:18 INFO: q_SW_(0,_2) 0.0
11:33:18 INFO: q_SW_(1,_0) 0.0
11:33:18 INFO: q_SW_(1,_1) 0.0
11:33:18 INFO: q_SW_(1,_2) 0.0
11:33:18 INFO: q_SW_(2,_0) 0.0
11:33:18 INFO: q_SW_(2,_1) 0.0
11:33:18 INFO: q_SW_(2,_2) 0.0
11:33:18 INFO: x_(0,_0) 0.0
11:33:18 INFO: x_(0,_1) 1.0
11:33:18 INFO: x_(0,_2) 0.0
11:33:18 INFO: x_(1,_0) 0.0
11:33:18 INFO: x_(1,_1) 0.0
11:33:18 INFO: x_(1,_2) 0.0
11:33:18 INFO: x_(2,_0) 0.0
11:33:18 INFO: x_(2,_1) 1.0
11:33:18 INFO: x_(2,_2) 0.0
11:33:18 INFO: z_(0,_0,_0) 0.0
11:33:18 INFO: z_(0,_0,_1) 1.0
11:33:18 INFO: z_(0,_0,_2) 0.0
11:33:18 INFO: z_(0,_0,_3) 0.0
11:33:18 INFO: z_(0,_0,_4) 0.0
11:33:18 INFO: z_(0,_1,_0) 0.0
11:33:18 INFO: z_(0,_1,_1) 1.0
11:33:18 INFO: z_(0,_1,_2) 0.0
11:33:18 INFO: z_(0,_1,_3) 0.0
11:33:18 INFO: z_(0,_1,_4) 0.0
11:33:18 INFO: z_(1,_0,_0) 0.0
11:33:18 INFO: z_(1,_0,_1) 1.0
11:33:18 INFO: z_(1,_0,_2) 0.0
11:33:18 INFO: z_(1,_0,_3) 0.0
11:33:18 INFO: z_(1,_0,_4) 0.0
11:33:18 INFO: z_(1,_1,_0) 0.0
11:33:18 INFO: z_(1,_1,_1) 1.0
11:33:18 INFO: z_(1,_1,_2) 0.0
11:33:18 INFO: z_(1,_1,_3) 0.0
11:33:18 INFO: z_(1,_1,_4) 0.0
11:33:18 INFO: #########
11:34:04 INFO: starting simulation...
11:34:04 INFO: simulation end
11:34:04 INFO: getting data from instance...
11:34:04 INFO: #########
11:34:04 INFO: 	 Status: Optimal
11:34:04 INFO: q_(0,_0) 0.0
11:34:04 INFO: q_(0,_1) 32.0
11:34:04 INFO: q_(0,_2) 0.0
11:34:04 INFO: q_(1,_0) 0.0
11:34:04 INFO: q_(1,_1) 0.0
11:34:04 INFO: q_(1,_2) 0.0
11:34:04 INFO: q_(2,_0) 0.0
11:34:04 INFO: q_(2,_1) 29.0
11:34:04 INFO: q_(2,_2) 0.0
11:34:04 INFO: q_NE_(0,_0) 0.0
11:34:04 INFO: q_NE_(0,_1) 0.0
11:34:04 INFO: q_NE_(0,_2) 0.0
11:34:04 INFO: q_NE_(1,_0) 0.0
11:34:04 INFO: q_NE_(1,_1) 0.0
11:34:04 INFO: q_NE_(1,_2) 0.0
11:34:04 INFO: q_NE_(2,_0) 0.0
11:34:04 INFO: q_NE_(2,_1) 14.0
11:34:04 INFO: q_NE_(2,_2) 0.0
11:34:04 INFO: q_NW_(0,_0) 0.0
11:34:04 INFO: q_NW_(0,_1) 0.0
11:34:04 INFO: q_NW_(0,_2) 0.0
11:34:04 INFO: q_NW_(1,_0) 0.0
11:34:04 INFO: q_NW_(1,_1) 0.0
11:34:04 INFO: q_NW_(1,_2) 0.0
11:34:04 INFO: q_NW_(2,_0) 0.0
11:34:04 INFO: q_NW_(2,_1) 15.0
11:34:04 INFO: q_NW_(2,_2) 0.0
11:34:04 INFO: q_SE_(0,_0) 0.0
11:34:04 INFO: q_SE_(0,_1) 18.0
11:34:04 INFO: q_SE_(0,_2) 0.0
11:34:04 INFO: q_SE_(1,_0) 0.0
11:34:04 INFO: q_SE_(1,_1) 0.0
11:34:04 INFO: q_SE_(1,_2) 0.0
11:34:04 INFO: q_SE_(2,_0) 0.0
11:34:04 INFO: q_SE_(2,_1) 0.0
11:34:04 INFO: q_SE_(2,_2) 0.0
11:34:04 INFO: q_SW_(0,_0) 0.0
11:34:04 INFO: q_SW_(0,_1) 14.0
11:34:04 INFO: q_SW_(0,_2) 0.0
11:34:04 INFO: q_SW_(1,_0) 0.0
11:34:04 INFO: q_SW_(1,_1) 0.0
11:34:04 INFO: q_SW_(1,_2) 0.0
11:34:04 INFO: q_SW_(2,_0) 0.0
11:34:04 INFO: q_SW_(2,_1) 0.0
11:34:04 INFO: q_SW_(2,_2) 0.0
11:34:04 INFO: x_(0,_0) 0.0
11:34:04 INFO: x_(0,_1) 1.0
11:34:05 INFO: x_(0,_2) 0.0
11:34:05 INFO: x_(1,_0) 0.0
11:34:05 INFO: x_(1,_1) 0.0
11:34:05 INFO: x_(1,_2) 0.0
11:34:05 INFO: x_(2,_0) 0.0
11:34:05 INFO: x_(2,_1) 1.0
11:34:05 INFO: x_(2,_2) 0.0
11:34:05 INFO: z_(0,_0,_0) 0.0
11:34:05 INFO: z_(0,_0,_1) 1.0
11:34:05 INFO: z_(0,_0,_2) 0.0
11:34:05 INFO: z_(0,_0,_3) 0.0
11:34:05 INFO: z_(0,_0,_4) 0.0
11:34:05 INFO: z_(0,_1,_0) 0.0
11:34:05 INFO: z_(0,_1,_1) 1.0
11:34:05 INFO: z_(0,_1,_2) 0.0
11:34:05 INFO: z_(0,_1,_3) 0.0
11:34:05 INFO: z_(0,_1,_4) 0.0
11:34:05 INFO: z_(1,_0,_0) 0.0
11:34:05 INFO: z_(1,_0,_1) 1.0
11:34:05 INFO: z_(1,_0,_2) 0.0
11:34:05 INFO: z_(1,_0,_3) 0.0
11:34:05 INFO: z_(1,_0,_4) 0.0
11:34:05 INFO: z_(1,_1,_0) 0.0
11:34:05 INFO: z_(1,_1,_1) 1.0
11:34:05 INFO: z_(1,_1,_2) 0.0
11:34:05 INFO: z_(1,_1,_3) 0.0
11:34:05 INFO: z_(1,_1,_4) 0.0
11:34:05 INFO: #########
11:40:21 INFO: starting simulation...
11:40:21 INFO: simulation end
11:40:21 INFO: getting data from instance...
11:40:21 INFO: #########
11:40:21 INFO: 	 Status: Optimal
11:40:21 INFO: q_(0,_0) 0.0
11:40:21 INFO: q_(0,_1) 32.0
11:40:21 INFO: q_(0,_2) 0.0
11:40:21 INFO: q_(1,_0) 0.0
11:40:21 INFO: q_(1,_1) 0.0
11:40:21 INFO: q_(1,_2) 0.0
11:40:21 INFO: q_(2,_0) 0.0
11:40:21 INFO: q_(2,_1) 29.0
11:40:21 INFO: q_(2,_2) 0.0
11:40:21 INFO: q_NE_(0,_0) 0.0
11:40:21 INFO: q_NE_(0,_1) 0.0
11:40:21 INFO: q_NE_(0,_2) 0.0
11:40:21 INFO: q_NE_(1,_0) 0.0
11:40:21 INFO: q_NE_(1,_1) 0.0
11:40:21 INFO: q_NE_(1,_2) 0.0
11:40:21 INFO: q_NE_(2,_0) 0.0
11:40:21 INFO: q_NE_(2,_1) 14.0
11:40:21 INFO: q_NE_(2,_2) 0.0
11:40:21 INFO: q_NW_(0,_0) 0.0
11:40:21 INFO: q_NW_(0,_1) 0.0
11:40:21 INFO: q_NW_(0,_2) 0.0
11:40:21 INFO: q_NW_(1,_0) 0.0
11:40:21 INFO: q_NW_(1,_1) 0.0
11:40:21 INFO: q_NW_(1,_2) 0.0
11:40:21 INFO: q_NW_(2,_0) 0.0
11:40:21 INFO: q_NW_(2,_1) 15.0
11:40:21 INFO: q_NW_(2,_2) 0.0
11:40:21 INFO: q_SE_(0,_0) 0.0
11:40:21 INFO: q_SE_(0,_1) 18.0
11:40:21 INFO: q_SE_(0,_2) 0.0
11:40:21 INFO: q_SE_(1,_0) 0.0
11:40:21 INFO: q_SE_(1,_1) 0.0
11:40:21 INFO: q_SE_(1,_2) 0.0
11:40:21 INFO: q_SE_(2,_0) 0.0
11:40:21 INFO: q_SE_(2,_1) 0.0
11:40:21 INFO: q_SE_(2,_2) 0.0
11:40:21 INFO: q_SW_(0,_0) 0.0
11:40:21 INFO: q_SW_(0,_1) 14.0
11:40:21 INFO: q_SW_(0,_2) 0.0
11:40:21 INFO: q_SW_(1,_0) 0.0
11:40:21 INFO: q_SW_(1,_1) 0.0
11:40:21 INFO: q_SW_(1,_2) 0.0
11:40:21 INFO: q_SW_(2,_0) 0.0
11:40:21 INFO: q_SW_(2,_1) 0.0
11:40:21 INFO: q_SW_(2,_2) 0.0
11:40:21 INFO: x_(0,_0) 0.0
11:40:21 INFO: x_(0,_1) 1.0
11:40:21 INFO: x_(0,_2) 0.0
11:40:21 INFO: x_(1,_0) 0.0
11:40:21 INFO: x_(1,_1) 0.0
11:40:21 INFO: x_(1,_2) 0.0
11:40:21 INFO: x_(2,_0) 0.0
11:40:21 INFO: x_(2,_1) 1.0
11:40:21 INFO: x_(2,_2) 0.0
11:40:21 INFO: z_(0,_0,_0) 0.0
11:40:21 INFO: z_(0,_0,_1) 1.0
11:40:21 INFO: z_(0,_0,_2) 0.0
11:40:21 INFO: z_(0,_0,_3) 0.0
11:40:21 INFO: z_(0,_0,_4) 0.0
11:40:21 INFO: z_(0,_1,_0) 0.0
11:40:21 INFO: z_(0,_1,_1) 1.0
11:40:21 INFO: z_(0,_1,_2) 0.0
11:40:21 INFO: z_(0,_1,_3) 0.0
11:40:21 INFO: z_(0,_1,_4) 0.0
11:40:21 INFO: z_(1,_0,_0) 0.0
11:40:21 INFO: z_(1,_0,_1) 1.0
11:40:21 INFO: z_(1,_0,_2) 0.0
11:40:21 INFO: z_(1,_0,_3) 0.0
11:40:21 INFO: z_(1,_0,_4) 0.0
11:40:21 INFO: z_(1,_1,_0) 0.0
11:40:21 INFO: z_(1,_1,_1) 1.0
11:40:21 INFO: z_(1,_1,_2) 0.0
11:40:21 INFO: z_(1,_1,_3) 0.0
11:40:21 INFO: z_(1,_1,_4) 0.0
11:40:21 INFO: #########
12:43:33 INFO: starting simulation...
12:43:33 INFO: simulation end
12:43:33 INFO: getting data from instance...
12:44:38 INFO: starting simulation...
12:44:38 INFO: simulation end
12:44:38 INFO: getting data from instance...
12:44:38 INFO: #########
12:44:39 INFO: 	 Status: Optimal
12:44:39 INFO: q_(0,_0) 0.0
12:44:39 INFO: q_(0,_1) 32.0
12:44:39 INFO: q_(0,_2) 0.0
12:44:39 INFO: q_(1,_0) 0.0
12:44:39 INFO: q_(1,_1) 0.0
12:44:39 INFO: q_(1,_2) 0.0
12:44:39 INFO: q_(2,_0) 0.0
12:44:39 INFO: q_(2,_1) 29.0
12:44:39 INFO: q_(2,_2) 0.0
12:44:39 INFO: q_NE_(0,_0) 0.0
12:44:39 INFO: q_NE_(0,_1) 0.0
12:44:39 INFO: q_NE_(0,_2) 0.0
12:44:39 INFO: q_NE_(1,_0) 0.0
12:44:39 INFO: q_NE_(1,_1) 0.0
12:44:39 INFO: q_NE_(1,_2) 0.0
12:44:39 INFO: q_NE_(2,_0) 0.0
12:44:39 INFO: q_NE_(2,_1) 14.0
12:44:39 INFO: q_NE_(2,_2) 0.0
12:44:39 INFO: q_NW_(0,_0) 0.0
12:44:39 INFO: q_NW_(0,_1) 0.0
12:44:39 INFO: q_NW_(0,_2) 0.0
12:44:39 INFO: q_NW_(1,_0) 0.0
12:44:39 INFO: q_NW_(1,_1) 0.0
12:44:39 INFO: q_NW_(1,_2) 0.0
12:44:39 INFO: q_NW_(2,_0) 0.0
12:44:39 INFO: q_NW_(2,_1) 15.0
12:44:39 INFO: q_NW_(2,_2) 0.0
12:44:39 INFO: q_SE_(0,_0) 0.0
12:44:39 INFO: q_SE_(0,_1) 18.0
12:44:39 INFO: q_SE_(0,_2) 0.0
12:44:39 INFO: q_SE_(1,_0) 0.0
12:44:39 INFO: q_SE_(1,_1) 0.0
12:44:39 INFO: q_SE_(1,_2) 0.0
12:44:39 INFO: q_SE_(2,_0) 0.0
12:44:39 INFO: q_SE_(2,_1) 0.0
12:44:39 INFO: q_SE_(2,_2) 0.0
12:44:39 INFO: q_SW_(0,_0) 0.0
12:44:39 INFO: q_SW_(0,_1) 14.0
12:44:39 INFO: q_SW_(0,_2) 0.0
12:44:39 INFO: q_SW_(1,_0) 0.0
12:44:39 INFO: q_SW_(1,_1) 0.0
12:44:39 INFO: q_SW_(1,_2) 0.0
12:44:39 INFO: q_SW_(2,_0) 0.0
12:44:39 INFO: q_SW_(2,_1) 0.0
12:44:39 INFO: q_SW_(2,_2) 0.0
12:44:39 INFO: x_(0,_0) 0.0
12:44:39 INFO: x_(0,_1) 1.0
12:44:39 INFO: x_(0,_2) 0.0
12:44:39 INFO: x_(1,_0) 0.0
12:44:39 INFO: x_(1,_1) 0.0
12:44:39 INFO: x_(1,_2) 0.0
12:44:39 INFO: x_(2,_0) 0.0
12:44:39 INFO: x_(2,_1) 1.0
12:44:39 INFO: x_(2,_2) 0.0
12:44:39 INFO: z_(0,_0,_0) 0.0
12:44:39 INFO: z_(0,_0,_1) 1.0
12:44:39 INFO: z_(0,_0,_2) 0.0
12:44:39 INFO: z_(0,_0,_3) 0.0
12:44:39 INFO: z_(0,_0,_4) 0.0
12:44:39 INFO: z_(0,_1,_0) 0.0
12:44:39 INFO: z_(0,_1,_1) 1.0
12:44:39 INFO: z_(0,_1,_2) 0.0
12:44:39 INFO: z_(0,_1,_3) 0.0
12:44:39 INFO: z_(0,_1,_4) 0.0
12:44:39 INFO: z_(1,_0,_0) 0.0
12:44:39 INFO: z_(1,_0,_1) 1.0
12:44:39 INFO: z_(1,_0,_2) 0.0
12:44:39 INFO: z_(1,_0,_3) 0.0
12:44:39 INFO: z_(1,_0,_4) 0.0
12:44:39 INFO: z_(1,_1,_0) 0.0
12:44:39 INFO: z_(1,_1,_1) 1.0
12:44:39 INFO: z_(1,_1,_2) 0.0
12:44:39 INFO: z_(1,_1,_3) 0.0
12:44:39 INFO: z_(1,_1,_4) 0.0
12:44:39 INFO: #########
12:54:34 INFO: starting simulation...
12:54:34 INFO: simulation end
12:54:34 INFO: getting data from instance...
12:54:34 INFO: #########
12:54:34 INFO: 	 Status: Optimal
12:54:34 INFO: q_(0,_0) 0.0
12:54:34 INFO: q_(0,_1) 32.0
12:54:34 INFO: q_(0,_2) 0.0
12:54:34 INFO: q_(1,_0) 0.0
12:54:34 INFO: q_(1,_1) 0.0
12:54:34 INFO: q_(1,_2) 0.0
12:54:34 INFO: q_(2,_0) 0.0
12:54:34 INFO: q_(2,_1) 29.0
12:54:34 INFO: q_(2,_2) 0.0
12:54:34 INFO: q_NE_(0,_0) 0.0
12:54:34 INFO: q_NE_(0,_1) 0.0
12:54:34 INFO: q_NE_(0,_2) 0.0
12:54:34 INFO: q_NE_(1,_0) 0.0
12:54:34 INFO: q_NE_(1,_1) 0.0
12:54:34 INFO: q_NE_(1,_2) 0.0
12:54:34 INFO: q_NE_(2,_0) 0.0
12:54:34 INFO: q_NE_(2,_1) 14.0
12:54:34 INFO: q_NE_(2,_2) 0.0
12:54:34 INFO: q_NW_(0,_0) 0.0
12:54:34 INFO: q_NW_(0,_1) 0.0
12:54:34 INFO: q_NW_(0,_2) 0.0
12:54:34 INFO: q_NW_(1,_0) 0.0
12:54:34 INFO: q_NW_(1,_1) 0.0
12:54:34 INFO: q_NW_(1,_2) 0.0
12:54:34 INFO: q_NW_(2,_0) 0.0
12:54:34 INFO: q_NW_(2,_1) 15.0
12:54:34 INFO: q_NW_(2,_2) 0.0
12:54:34 INFO: q_SE_(0,_0) 0.0
12:54:34 INFO: q_SE_(0,_1) 18.0
12:54:34 INFO: q_SE_(0,_2) 0.0
12:54:34 INFO: q_SE_(1,_0) 0.0
12:54:34 INFO: q_SE_(1,_1) 0.0
12:54:34 INFO: q_SE_(1,_2) 0.0
12:54:34 INFO: q_SE_(2,_0) 0.0
12:54:34 INFO: q_SE_(2,_1) 0.0
12:54:34 INFO: q_SE_(2,_2) 0.0
12:54:34 INFO: q_SW_(0,_0) 0.0
12:54:34 INFO: q_SW_(0,_1) 14.0
12:54:34 INFO: q_SW_(0,_2) 0.0
12:54:34 INFO: q_SW_(1,_0) 0.0
12:54:34 INFO: q_SW_(1,_1) 0.0
12:54:34 INFO: q_SW_(1,_2) 0.0
12:54:34 INFO: q_SW_(2,_0) 0.0
12:54:34 INFO: q_SW_(2,_1) 0.0
12:54:34 INFO: q_SW_(2,_2) 0.0
12:54:34 INFO: x_(0,_0) 0.0
12:54:34 INFO: x_(0,_1) 1.0
12:54:34 INFO: x_(0,_2) 0.0
12:54:34 INFO: x_(1,_0) 0.0
12:54:34 INFO: x_(1,_1) 0.0
12:54:34 INFO: x_(1,_2) 0.0
12:54:34 INFO: x_(2,_0) 0.0
12:54:34 INFO: x_(2,_1) 1.0
12:54:34 INFO: x_(2,_2) 0.0
12:54:34 INFO: z_(0,_0,_0) 0.0
12:54:34 INFO: z_(0,_0,_1) 1.0
12:54:34 INFO: z_(0,_0,_2) 0.0
12:54:34 INFO: z_(0,_0,_3) 0.0
12:54:34 INFO: z_(0,_0,_4) 0.0
12:54:34 INFO: z_(0,_1,_0) 0.0
12:54:34 INFO: z_(0,_1,_1) 1.0
12:54:34 INFO: z_(0,_1,_2) 0.0
12:54:34 INFO: z_(0,_1,_3) 0.0
12:54:34 INFO: z_(0,_1,_4) 0.0
12:54:34 INFO: z_(1,_0,_0) 0.0
12:54:34 INFO: z_(1,_0,_1) 1.0
12:54:34 INFO: z_(1,_0,_2) 0.0
12:54:34 INFO: z_(1,_0,_3) 0.0
12:54:34 INFO: z_(1,_0,_4) 0.0
12:54:34 INFO: z_(1,_1,_0) 0.0
12:54:34 INFO: z_(1,_1,_1) 1.0
12:54:34 INFO: z_(1,_1,_2) 0.0
12:54:34 INFO: z_(1,_1,_3) 0.0
12:54:34 INFO: z_(1,_1,_4) 0.0
12:54:34 INFO: #########
13:08:03 INFO: starting simulation...
13:08:03 INFO: simulation end
13:08:03 INFO: getting data from instance...
13:08:03 INFO: #########
13:08:03 INFO: 	 Status: Optimal
13:08:03 INFO: q_(0,_0) 0.0
13:08:03 INFO: q_(0,_1) 32.0
13:08:03 INFO: q_(0,_2) 0.0
13:08:03 INFO: q_(1,_0) 0.0
13:08:03 INFO: q_(1,_1) 0.0
13:08:03 INFO: q_(1,_2) 0.0
13:08:03 INFO: q_(2,_0) 0.0
13:08:03 INFO: q_(2,_1) 29.0
13:08:03 INFO: q_(2,_2) 0.0
13:08:03 INFO: q_NE_(0,_0) 0.0
13:08:03 INFO: q_NE_(0,_1) 0.0
13:08:03 INFO: q_NE_(0,_2) 0.0
13:08:03 INFO: q_NE_(1,_0) 0.0
13:08:03 INFO: q_NE_(1,_1) 0.0
13:08:03 INFO: q_NE_(1,_2) 0.0
13:08:03 INFO: q_NE_(2,_0) 0.0
13:08:03 INFO: q_NE_(2,_1) 14.0
13:08:03 INFO: q_NE_(2,_2) 0.0
13:08:03 INFO: q_NW_(0,_0) 0.0
13:08:03 INFO: q_NW_(0,_1) 0.0
13:08:03 INFO: q_NW_(0,_2) 0.0
13:08:03 INFO: q_NW_(1,_0) 0.0
13:08:03 INFO: q_NW_(1,_1) 0.0
13:08:03 INFO: q_NW_(1,_2) 0.0
13:08:03 INFO: q_NW_(2,_0) 0.0
13:08:03 INFO: q_NW_(2,_1) 15.0
13:08:03 INFO: q_NW_(2,_2) 0.0
13:08:03 INFO: q_SE_(0,_0) 0.0
13:08:03 INFO: q_SE_(0,_1) 18.0
13:08:03 INFO: q_SE_(0,_2) 0.0
13:08:03 INFO: q_SE_(1,_0) 0.0
13:08:03 INFO: q_SE_(1,_1) 0.0
13:08:03 INFO: q_SE_(1,_2) 0.0
13:08:03 INFO: q_SE_(2,_0) 0.0
13:08:03 INFO: q_SE_(2,_1) 0.0
13:08:03 INFO: q_SE_(2,_2) 0.0
13:08:03 INFO: q_SW_(0,_0) 0.0
13:08:03 INFO: q_SW_(0,_1) 14.0
13:08:03 INFO: q_SW_(0,_2) 0.0
13:08:03 INFO: q_SW_(1,_0) 0.0
13:08:03 INFO: q_SW_(1,_1) 0.0
13:08:03 INFO: q_SW_(1,_2) 0.0
13:08:03 INFO: q_SW_(2,_0) 0.0
13:08:03 INFO: q_SW_(2,_1) 0.0
13:08:03 INFO: q_SW_(2,_2) 0.0
13:08:03 INFO: x_(0,_0) 0.0
13:08:03 INFO: x_(0,_1) 1.0
13:08:03 INFO: x_(0,_2) 0.0
13:08:03 INFO: x_(1,_0) 0.0
13:08:03 INFO: x_(1,_1) 0.0
13:08:03 INFO: x_(1,_2) 0.0
13:08:03 INFO: x_(2,_0) 0.0
13:08:03 INFO: x_(2,_1) 1.0
13:08:03 INFO: x_(2,_2) 0.0
13:08:03 INFO: z_(0,_0,_0) 0.0
13:08:03 INFO: z_(0,_0,_1) 1.0
13:08:03 INFO: z_(0,_0,_2) 0.0
13:08:03 INFO: z_(0,_0,_3) 0.0
13:08:03 INFO: z_(0,_0,_4) 0.0
13:08:03 INFO: z_(0,_1,_0) 0.0
13:08:03 INFO: z_(0,_1,_1) 1.0
13:08:03 INFO: z_(0,_1,_2) 0.0
13:08:03 INFO: z_(0,_1,_3) 0.0
13:08:03 INFO: z_(0,_1,_4) 0.0
13:08:03 INFO: z_(1,_0,_0) 0.0
13:08:03 INFO: z_(1,_0,_1) 1.0
13:08:03 INFO: z_(1,_0,_2) 0.0
13:08:03 INFO: z_(1,_0,_3) 0.0
13:08:03 INFO: z_(1,_0,_4) 0.0
13:08:03 INFO: z_(1,_1,_0) 0.0
13:08:03 INFO: z_(1,_1,_1) 1.0
13:08:03 INFO: z_(1,_1,_2) 0.0
13:08:03 INFO: z_(1,_1,_3) 0.0
13:08:03 INFO: z_(1,_1,_4) 0.0
13:08:03 INFO: #########
13:09:53 INFO: starting simulation...
13:09:53 INFO: simulation end
13:09:53 INFO: getting data from instance...
13:09:53 INFO: #########
13:09:53 INFO: 	 Status: Optimal
13:09:53 INFO: q_(0,_0) 0.0
13:09:53 INFO: q_(0,_1) 32.0
13:09:53 INFO: q_(0,_2) 0.0
13:09:53 INFO: q_(1,_0) 0.0
13:09:53 INFO: q_(1,_1) 0.0
13:09:53 INFO: q_(1,_2) 0.0
13:09:53 INFO: q_(2,_0) 0.0
13:09:53 INFO: q_(2,_1) 29.0
13:09:53 INFO: q_(2,_2) 0.0
13:09:53 INFO: q_NE_(0,_0) 0.0
13:09:53 INFO: q_NE_(0,_1) 0.0
13:09:53 INFO: q_NE_(0,_2) 0.0
13:09:53 INFO: q_NE_(1,_0) 0.0
13:09:53 INFO: q_NE_(1,_1) 0.0
13:09:53 INFO: q_NE_(1,_2) 0.0
13:09:53 INFO: q_NE_(2,_0) 0.0
13:09:53 INFO: q_NE_(2,_1) 14.0
13:09:53 INFO: q_NE_(2,_2) 0.0
13:09:53 INFO: q_NW_(0,_0) 0.0
13:09:53 INFO: q_NW_(0,_1) 0.0
13:09:53 INFO: q_NW_(0,_2) 0.0
13:09:53 INFO: q_NW_(1,_0) 0.0
13:09:53 INFO: q_NW_(1,_1) 0.0
13:09:53 INFO: q_NW_(1,_2) 0.0
13:09:53 INFO: q_NW_(2,_0) 0.0
13:09:53 INFO: q_NW_(2,_1) 15.0
13:09:53 INFO: q_NW_(2,_2) 0.0
13:09:53 INFO: q_SE_(0,_0) 0.0
13:09:53 INFO: q_SE_(0,_1) 18.0
13:09:53 INFO: q_SE_(0,_2) 0.0
13:09:53 INFO: q_SE_(1,_0) 0.0
13:09:53 INFO: q_SE_(1,_1) 0.0
13:09:53 INFO: q_SE_(1,_2) 0.0
13:09:53 INFO: q_SE_(2,_0) 0.0
13:09:53 INFO: q_SE_(2,_1) 0.0
13:09:53 INFO: q_SE_(2,_2) 0.0
13:09:53 INFO: q_SW_(0,_0) 0.0
13:09:53 INFO: q_SW_(0,_1) 14.0
13:09:53 INFO: q_SW_(0,_2) 0.0
13:09:53 INFO: q_SW_(1,_0) 0.0
13:09:53 INFO: q_SW_(1,_1) 0.0
13:09:53 INFO: q_SW_(1,_2) 0.0
13:09:53 INFO: q_SW_(2,_0) 0.0
13:09:53 INFO: q_SW_(2,_1) 0.0
13:09:53 INFO: q_SW_(2,_2) 0.0
13:09:53 INFO: x_(0,_0) 0.0
13:09:53 INFO: x_(0,_1) 1.0
13:09:53 INFO: x_(0,_2) 0.0
13:09:53 INFO: x_(1,_0) 0.0
13:09:53 INFO: x_(1,_1) 0.0
13:09:53 INFO: x_(1,_2) 0.0
13:09:53 INFO: x_(2,_0) 0.0
13:09:53 INFO: x_(2,_1) 1.0
13:09:53 INFO: x_(2,_2) 0.0
13:09:53 INFO: z_(0,_0,_0) 0.0
13:09:53 INFO: z_(0,_0,_1) 1.0
13:09:53 INFO: z_(0,_0,_2) 0.0
13:09:53 INFO: z_(0,_0,_3) 0.0
13:09:53 INFO: z_(0,_0,_4) 0.0
13:09:53 INFO: z_(0,_1,_0) 0.0
13:09:53 INFO: z_(0,_1,_1) 1.0
13:09:53 INFO: z_(0,_1,_2) 0.0
13:09:53 INFO: z_(0,_1,_3) 0.0
13:09:53 INFO: z_(0,_1,_4) 0.0
13:09:53 INFO: z_(1,_0,_0) 0.0
13:09:53 INFO: z_(1,_0,_1) 1.0
13:09:53 INFO: z_(1,_0,_2) 0.0
13:09:53 INFO: z_(1,_0,_3) 0.0
13:09:53 INFO: z_(1,_0,_4) 0.0
13:09:53 INFO: z_(1,_1,_0) 0.0
13:09:53 INFO: z_(1,_1,_1) 1.0
13:09:53 INFO: z_(1,_1,_2) 0.0
13:09:53 INFO: z_(1,_1,_3) 0.0
13:09:53 INFO: z_(1,_1,_4) 0.0
13:09:53 INFO: #########
13:10:34 INFO: starting simulation...
13:10:34 INFO: simulation end
13:10:34 INFO: getting data from instance...
13:10:34 INFO: #########
13:10:35 INFO: 	 Status: Optimal
13:10:35 INFO: q_(0,_0) 0.0
13:10:35 INFO: q_(0,_1) 32.0
13:10:35 INFO: q_(0,_2) 0.0
13:10:35 INFO: q_(1,_0) 0.0
13:10:35 INFO: q_(1,_1) 0.0
13:10:35 INFO: q_(1,_2) 0.0
13:10:35 INFO: q_(2,_0) 0.0
13:10:35 INFO: q_(2,_1) 29.0
13:10:35 INFO: q_(2,_2) 0.0
13:10:35 INFO: q_NE_(0,_0) 0.0
13:10:35 INFO: q_NE_(0,_1) 0.0
13:10:35 INFO: q_NE_(0,_2) 0.0
13:10:35 INFO: q_NE_(1,_0) 0.0
13:10:35 INFO: q_NE_(1,_1) 0.0
13:10:35 INFO: q_NE_(1,_2) 0.0
13:10:35 INFO: q_NE_(2,_0) 0.0
13:10:35 INFO: q_NE_(2,_1) 14.0
13:10:35 INFO: q_NE_(2,_2) 0.0
13:10:35 INFO: q_NW_(0,_0) 0.0
13:10:35 INFO: q_NW_(0,_1) 0.0
13:10:35 INFO: q_NW_(0,_2) 0.0
13:10:35 INFO: q_NW_(1,_0) 0.0
13:10:35 INFO: q_NW_(1,_1) 0.0
13:10:35 INFO: q_NW_(1,_2) 0.0
13:10:35 INFO: q_NW_(2,_0) 0.0
13:10:35 INFO: q_NW_(2,_1) 15.0
13:10:35 INFO: q_NW_(2,_2) 0.0
13:10:35 INFO: q_SE_(0,_0) 0.0
13:10:35 INFO: q_SE_(0,_1) 18.0
13:10:35 INFO: q_SE_(0,_2) 0.0
13:10:35 INFO: q_SE_(1,_0) 0.0
13:10:35 INFO: q_SE_(1,_1) 0.0
13:10:35 INFO: q_SE_(1,_2) 0.0
13:10:35 INFO: q_SE_(2,_0) 0.0
13:10:35 INFO: q_SE_(2,_1) 0.0
13:10:35 INFO: q_SE_(2,_2) 0.0
13:10:35 INFO: q_SW_(0,_0) 0.0
13:10:35 INFO: q_SW_(0,_1) 14.0
13:10:35 INFO: q_SW_(0,_2) 0.0
13:10:35 INFO: q_SW_(1,_0) 0.0
13:10:35 INFO: q_SW_(1,_1) 0.0
13:10:35 INFO: q_SW_(1,_2) 0.0
13:10:35 INFO: q_SW_(2,_0) 0.0
13:10:35 INFO: q_SW_(2,_1) 0.0
13:10:35 INFO: q_SW_(2,_2) 0.0
13:10:35 INFO: x_(0,_0) 0.0
13:10:35 INFO: x_(0,_1) 1.0
13:10:35 INFO: x_(0,_2) 0.0
13:10:35 INFO: x_(1,_0) 0.0
13:10:35 INFO: x_(1,_1) 0.0
13:10:35 INFO: x_(1,_2) 0.0
13:10:35 INFO: x_(2,_0) 0.0
13:10:35 INFO: x_(2,_1) 1.0
13:10:35 INFO: x_(2,_2) 0.0
13:10:35 INFO: z_(0,_0,_0) 0.0
13:10:35 INFO: z_(0,_0,_1) 1.0
13:10:35 INFO: z_(0,_0,_2) 0.0
13:10:35 INFO: z_(0,_0,_3) 0.0
13:10:35 INFO: z_(0,_0,_4) 0.0
13:10:35 INFO: z_(0,_1,_0) 0.0
13:10:35 INFO: z_(0,_1,_1) 1.0
13:10:35 INFO: z_(0,_1,_2) 0.0
13:10:35 INFO: z_(0,_1,_3) 0.0
13:10:35 INFO: z_(0,_1,_4) 0.0
13:10:35 INFO: z_(1,_0,_0) 0.0
13:10:35 INFO: z_(1,_0,_1) 1.0
13:10:35 INFO: z_(1,_0,_2) 0.0
13:10:35 INFO: z_(1,_0,_3) 0.0
13:10:35 INFO: z_(1,_0,_4) 0.0
13:10:35 INFO: z_(1,_1,_0) 0.0
13:10:35 INFO: z_(1,_1,_1) 1.0
13:10:35 INFO: z_(1,_1,_2) 0.0
13:10:35 INFO: z_(1,_1,_3) 0.0
13:10:35 INFO: z_(1,_1,_4) 0.0
13:10:35 INFO: #########
13:16:53 INFO: starting simulation...
13:16:53 INFO: simulation end
13:16:53 INFO: getting data from instance...
13:16:53 INFO: #########
13:16:53 INFO: 	 Status: Optimal
13:16:53 INFO: q_(0,_0) 0.0
13:16:53 INFO: q_(0,_1) 32.0
13:16:53 INFO: q_(0,_2) 0.0
13:16:53 INFO: q_(1,_0) 0.0
13:16:53 INFO: q_(1,_1) 0.0
13:16:53 INFO: q_(1,_2) 0.0
13:16:53 INFO: q_(2,_0) 0.0
13:16:53 INFO: q_(2,_1) 29.0
13:16:53 INFO: q_(2,_2) 0.0
13:16:53 INFO: q_NE_(0,_0) 0.0
13:16:53 INFO: q_NE_(0,_1) 0.0
13:16:53 INFO: q_NE_(0,_2) 0.0
13:16:53 INFO: q_NE_(1,_0) 0.0
13:16:53 INFO: q_NE_(1,_1) 0.0
13:16:53 INFO: q_NE_(1,_2) 0.0
13:16:53 INFO: q_NE_(2,_0) 0.0
13:16:53 INFO: q_NE_(2,_1) 14.0
13:16:53 INFO: q_NE_(2,_2) 0.0
13:16:53 INFO: q_NW_(0,_0) 0.0
13:16:53 INFO: q_NW_(0,_1) 0.0
13:16:53 INFO: q_NW_(0,_2) 0.0
13:16:53 INFO: q_NW_(1,_0) 0.0
13:16:53 INFO: q_NW_(1,_1) 0.0
13:16:53 INFO: q_NW_(1,_2) 0.0
13:16:53 INFO: q_NW_(2,_0) 0.0
13:16:53 INFO: q_NW_(2,_1) 15.0
13:16:53 INFO: q_NW_(2,_2) 0.0
13:16:53 INFO: q_SE_(0,_0) 0.0
13:16:53 INFO: q_SE_(0,_1) 18.0
13:16:53 INFO: q_SE_(0,_2) 0.0
13:16:53 INFO: q_SE_(1,_0) 0.0
13:16:53 INFO: q_SE_(1,_1) 0.0
13:16:53 INFO: q_SE_(1,_2) 0.0
13:16:53 INFO: q_SE_(2,_0) 0.0
13:16:53 INFO: q_SE_(2,_1) 0.0
13:16:53 INFO: q_SE_(2,_2) 0.0
13:16:53 INFO: q_SW_(0,_0) 0.0
13:16:53 INFO: q_SW_(0,_1) 14.0
13:16:53 INFO: q_SW_(0,_2) 0.0
13:16:53 INFO: q_SW_(1,_0) 0.0
13:16:53 INFO: q_SW_(1,_1) 0.0
13:16:53 INFO: q_SW_(1,_2) 0.0
13:16:53 INFO: q_SW_(2,_0) 0.0
13:16:53 INFO: q_SW_(2,_1) 0.0
13:16:53 INFO: q_SW_(2,_2) 0.0
13:16:53 INFO: x_(0,_0) 0.0
13:16:53 INFO: x_(0,_1) 1.0
13:16:53 INFO: x_(0,_2) 0.0
13:16:53 INFO: x_(1,_0) 0.0
13:16:54 INFO: x_(1,_1) 0.0
13:16:54 INFO: x_(1,_2) 0.0
13:16:54 INFO: x_(2,_0) 0.0
13:16:54 INFO: x_(2,_1) 1.0
13:16:54 INFO: x_(2,_2) 0.0
13:16:54 INFO: z_(0,_0,_0) 0.0
13:16:54 INFO: z_(0,_0,_1) 1.0
13:16:54 INFO: z_(0,_0,_2) 0.0
13:16:54 INFO: z_(0,_0,_3) 0.0
13:16:54 INFO: z_(0,_0,_4) 0.0
13:16:54 INFO: z_(0,_1,_0) 0.0
13:16:54 INFO: z_(0,_1,_1) 1.0
13:16:54 INFO: z_(0,_1,_2) 0.0
13:16:54 INFO: z_(0,_1,_3) 0.0
13:16:54 INFO: z_(0,_1,_4) 0.0
13:16:54 INFO: z_(1,_0,_0) 0.0
13:16:54 INFO: z_(1,_0,_1) 1.0
13:16:54 INFO: z_(1,_0,_2) 0.0
13:16:54 INFO: z_(1,_0,_3) 0.0
13:16:54 INFO: z_(1,_0,_4) 0.0
13:16:54 INFO: z_(1,_1,_0) 0.0
13:16:54 INFO: z_(1,_1,_1) 1.0
13:16:54 INFO: z_(1,_1,_2) 0.0
13:16:54 INFO: z_(1,_1,_3) 0.0
13:16:54 INFO: z_(1,_1,_4) 0.0
13:16:54 INFO: #########
13:18:39 INFO: starting simulation...
13:18:39 INFO: simulation end
13:18:39 INFO: getting data from instance...
13:18:39 INFO: #########
13:18:40 INFO: 	 Status: Optimal
13:18:40 INFO: q_(0,_0) 0.0
13:18:40 INFO: q_(0,_1) 32.0
13:18:40 INFO: q_(0,_2) 0.0
13:18:40 INFO: q_(1,_0) 0.0
13:18:40 INFO: q_(1,_1) 0.0
13:18:40 INFO: q_(1,_2) 0.0
13:18:40 INFO: q_(2,_0) 0.0
13:18:40 INFO: q_(2,_1) 29.0
13:18:40 INFO: q_(2,_2) 0.0
13:18:40 INFO: q_NE_(0,_0) 0.0
13:18:40 INFO: q_NE_(0,_1) 0.0
13:18:40 INFO: q_NE_(0,_2) 0.0
13:18:40 INFO: q_NE_(1,_0) 0.0
13:18:40 INFO: q_NE_(1,_1) 0.0
13:18:40 INFO: q_NE_(1,_2) 0.0
13:18:40 INFO: q_NE_(2,_0) 0.0
13:18:40 INFO: q_NE_(2,_1) 14.0
13:18:40 INFO: q_NE_(2,_2) 0.0
13:18:40 INFO: q_NW_(0,_0) 0.0
13:18:40 INFO: q_NW_(0,_1) 0.0
13:18:40 INFO: q_NW_(0,_2) 0.0
13:18:40 INFO: q_NW_(1,_0) 0.0
13:18:40 INFO: q_NW_(1,_1) 0.0
13:18:40 INFO: q_NW_(1,_2) 0.0
13:18:40 INFO: q_NW_(2,_0) 0.0
13:18:40 INFO: q_NW_(2,_1) 15.0
13:18:40 INFO: q_NW_(2,_2) 0.0
13:18:40 INFO: q_SE_(0,_0) 0.0
13:18:40 INFO: q_SE_(0,_1) 18.0
13:18:40 INFO: q_SE_(0,_2) 0.0
13:18:40 INFO: q_SE_(1,_0) 0.0
13:18:40 INFO: q_SE_(1,_1) 0.0
13:18:40 INFO: q_SE_(1,_2) 0.0
13:18:40 INFO: q_SE_(2,_0) 0.0
13:18:40 INFO: q_SE_(2,_1) 0.0
13:18:40 INFO: q_SE_(2,_2) 0.0
13:18:40 INFO: q_SW_(0,_0) 0.0
13:18:40 INFO: q_SW_(0,_1) 14.0
13:18:40 INFO: q_SW_(0,_2) 0.0
13:18:40 INFO: q_SW_(1,_0) 0.0
13:18:40 INFO: q_SW_(1,_1) 0.0
13:18:40 INFO: q_SW_(1,_2) 0.0
13:18:40 INFO: q_SW_(2,_0) 0.0
13:18:40 INFO: q_SW_(2,_1) 0.0
13:18:40 INFO: q_SW_(2,_2) 0.0
13:18:40 INFO: x_(0,_0) 0.0
13:18:40 INFO: x_(0,_1) 1.0
13:18:40 INFO: x_(0,_2) 0.0
13:18:40 INFO: x_(1,_0) 0.0
13:18:40 INFO: x_(1,_1) 0.0
13:18:40 INFO: x_(1,_2) 0.0
13:18:40 INFO: x_(2,_0) 0.0
13:18:40 INFO: x_(2,_1) 1.0
13:18:40 INFO: x_(2,_2) 0.0
13:18:40 INFO: z_(0,_0,_0) 0.0
13:18:40 INFO: z_(0,_0,_1) 1.0
13:18:40 INFO: z_(0,_0,_2) 0.0
13:18:40 INFO: z_(0,_0,_3) 0.0
13:18:40 INFO: z_(0,_0,_4) 0.0
13:18:40 INFO: z_(0,_1,_0) 0.0
13:18:40 INFO: z_(0,_1,_1) 1.0
13:18:40 INFO: z_(0,_1,_2) 0.0
13:18:40 INFO: z_(0,_1,_3) 0.0
13:18:40 INFO: z_(0,_1,_4) 0.0
13:18:40 INFO: z_(1,_0,_0) 0.0
13:18:40 INFO: z_(1,_0,_1) 1.0
13:18:40 INFO: z_(1,_0,_2) 0.0
13:18:40 INFO: z_(1,_0,_3) 0.0
13:18:40 INFO: z_(1,_0,_4) 0.0
13:18:40 INFO: z_(1,_1,_0) 0.0
13:18:40 INFO: z_(1,_1,_1) 1.0
13:18:40 INFO: z_(1,_1,_2) 0.0
13:18:40 INFO: z_(1,_1,_3) 0.0
13:18:40 INFO: z_(1,_1,_4) 0.0
13:18:40 INFO: #########
13:22:02 INFO: starting simulation...
13:22:02 INFO: simulation end
13:22:02 INFO: getting data from instance...
13:22:02 INFO: #########
13:22:02 INFO: 	 Status: Optimal
13:22:02 INFO: q_(0,_0) 0.0
13:22:02 INFO: q_(0,_1) 32.0
13:22:02 INFO: q_(0,_2) 0.0
13:22:02 INFO: q_(1,_0) 0.0
13:22:02 INFO: q_(1,_1) 0.0
13:22:02 INFO: q_(1,_2) 0.0
13:22:02 INFO: q_(2,_0) 0.0
13:22:02 INFO: q_(2,_1) 29.0
13:22:02 INFO: q_(2,_2) 0.0
13:22:02 INFO: q_NE_(0,_0) 0.0
13:22:02 INFO: q_NE_(0,_1) 0.0
13:22:02 INFO: q_NE_(0,_2) 0.0
13:22:02 INFO: q_NE_(1,_0) 0.0
13:22:02 INFO: q_NE_(1,_1) 0.0
13:22:02 INFO: q_NE_(1,_2) 0.0
13:22:02 INFO: q_NE_(2,_0) 0.0
13:22:02 INFO: q_NE_(2,_1) 14.0
13:22:02 INFO: q_NE_(2,_2) 0.0
13:22:02 INFO: q_NW_(0,_0) 0.0
13:22:02 INFO: q_NW_(0,_1) 0.0
13:22:02 INFO: q_NW_(0,_2) 0.0
13:22:02 INFO: q_NW_(1,_0) 0.0
13:22:02 INFO: q_NW_(1,_1) 0.0
13:22:02 INFO: q_NW_(1,_2) 0.0
13:22:02 INFO: q_NW_(2,_0) 0.0
13:22:02 INFO: q_NW_(2,_1) 15.0
13:22:02 INFO: q_NW_(2,_2) 0.0
13:22:02 INFO: q_SE_(0,_0) 0.0
13:22:02 INFO: q_SE_(0,_1) 18.0
13:22:02 INFO: q_SE_(0,_2) 0.0
13:22:02 INFO: q_SE_(1,_0) 0.0
13:22:02 INFO: q_SE_(1,_1) 0.0
13:22:02 INFO: q_SE_(1,_2) 0.0
13:22:02 INFO: q_SE_(2,_0) 0.0
13:22:02 INFO: q_SE_(2,_1) 0.0
13:22:02 INFO: q_SE_(2,_2) 0.0
13:22:02 INFO: q_SW_(0,_0) 0.0
13:22:02 INFO: q_SW_(0,_1) 14.0
13:22:02 INFO: q_SW_(0,_2) 0.0
13:22:02 INFO: q_SW_(1,_0) 0.0
13:22:02 INFO: q_SW_(1,_1) 0.0
13:22:02 INFO: q_SW_(1,_2) 0.0
13:22:02 INFO: q_SW_(2,_0) 0.0
13:22:02 INFO: q_SW_(2,_1) 0.0
13:22:02 INFO: q_SW_(2,_2) 0.0
13:22:02 INFO: x_(0,_0) 0.0
13:22:02 INFO: x_(0,_1) 1.0
13:22:02 INFO: x_(0,_2) 0.0
13:22:02 INFO: x_(1,_0) 0.0
13:22:02 INFO: x_(1,_1) 0.0
13:22:02 INFO: x_(1,_2) 0.0
13:22:02 INFO: x_(2,_0) 0.0
13:22:02 INFO: x_(2,_1) 1.0
13:22:02 INFO: x_(2,_2) 0.0
13:22:02 INFO: z_(0,_0,_0) 0.0
13:22:02 INFO: z_(0,_0,_1) 1.0
13:22:02 INFO: z_(0,_0,_2) 0.0
13:22:02 INFO: z_(0,_0,_3) 0.0
13:22:02 INFO: z_(0,_0,_4) 0.0
13:22:02 INFO: z_(0,_1,_0) 0.0
13:22:02 INFO: z_(0,_1,_1) 1.0
13:22:02 INFO: z_(0,_1,_2) 0.0
13:22:02 INFO: z_(0,_1,_3) 0.0
13:22:02 INFO: z_(0,_1,_4) 0.0
13:22:02 INFO: z_(1,_0,_0) 0.0
13:22:02 INFO: z_(1,_0,_1) 1.0
13:22:02 INFO: z_(1,_0,_2) 0.0
13:22:02 INFO: z_(1,_0,_3) 0.0
13:22:02 INFO: z_(1,_0,_4) 0.0
13:22:02 INFO: z_(1,_1,_0) 0.0
13:22:02 INFO: z_(1,_1,_1) 1.0
13:22:02 INFO: z_(1,_1,_2) 0.0
13:22:02 INFO: z_(1,_1,_3) 0.0
13:22:02 INFO: z_(1,_1,_4) 0.0
13:22:02 INFO: #########
13:30:57 INFO: starting simulation...
13:30:57 INFO: simulation end
13:30:57 INFO: getting data from instance...
13:30:57 INFO: #########
13:30:58 INFO: 	 Status: Optimal
13:30:58 INFO: q_(0,_0) 0.0
13:30:58 INFO: q_(0,_1) 32.0
13:30:58 INFO: q_(0,_2) 0.0
13:30:58 INFO: q_(1,_0) 0.0
13:30:58 INFO: q_(1,_1) 0.0
13:30:58 INFO: q_(1,_2) 0.0
13:30:58 INFO: q_(2,_0) 0.0
13:30:58 INFO: q_(2,_1) 29.0
13:30:58 INFO: q_(2,_2) 0.0
13:30:58 INFO: q_NE_(0,_0) 0.0
13:30:58 INFO: q_NE_(0,_1) 0.0
13:30:58 INFO: q_NE_(0,_2) 0.0
13:30:58 INFO: q_NE_(1,_0) 0.0
13:30:58 INFO: q_NE_(1,_1) 0.0
13:30:58 INFO: q_NE_(1,_2) 0.0
13:30:58 INFO: q_NE_(2,_0) 0.0
13:30:58 INFO: q_NE_(2,_1) 14.0
13:30:58 INFO: q_NE_(2,_2) 0.0
13:30:58 INFO: q_NW_(0,_0) 0.0
13:30:58 INFO: q_NW_(0,_1) 0.0
13:30:58 INFO: q_NW_(0,_2) 0.0
13:30:58 INFO: q_NW_(1,_0) 0.0
13:30:58 INFO: q_NW_(1,_1) 0.0
13:30:58 INFO: q_NW_(1,_2) 0.0
13:30:58 INFO: q_NW_(2,_0) 0.0
13:30:58 INFO: q_NW_(2,_1) 15.0
13:30:58 INFO: q_NW_(2,_2) 0.0
13:30:58 INFO: q_SE_(0,_0) 0.0
13:30:58 INFO: q_SE_(0,_1) 18.0
13:30:58 INFO: q_SE_(0,_2) 0.0
13:30:58 INFO: q_SE_(1,_0) 0.0
13:30:58 INFO: q_SE_(1,_1) 0.0
13:30:58 INFO: q_SE_(1,_2) 0.0
13:30:58 INFO: q_SE_(2,_0) 0.0
13:30:58 INFO: q_SE_(2,_1) 0.0
13:30:58 INFO: q_SE_(2,_2) 0.0
13:30:58 INFO: q_SW_(0,_0) 0.0
13:30:58 INFO: q_SW_(0,_1) 14.0
13:30:58 INFO: q_SW_(0,_2) 0.0
13:30:58 INFO: q_SW_(1,_0) 0.0
13:30:58 INFO: q_SW_(1,_1) 0.0
13:30:58 INFO: q_SW_(1,_2) 0.0
13:30:58 INFO: q_SW_(2,_0) 0.0
13:30:58 INFO: q_SW_(2,_1) 0.0
13:30:58 INFO: q_SW_(2,_2) 0.0
13:30:58 INFO: x_(0,_0) 0.0
13:30:58 INFO: x_(0,_1) 1.0
13:30:58 INFO: x_(0,_2) 0.0
13:30:58 INFO: x_(1,_0) 0.0
13:30:58 INFO: x_(1,_1) 0.0
13:30:58 INFO: x_(1,_2) 0.0
13:30:58 INFO: x_(2,_0) 0.0
13:30:58 INFO: x_(2,_1) 1.0
13:30:58 INFO: x_(2,_2) 0.0
13:30:58 INFO: z_(0,_0,_0) 0.0
13:30:58 INFO: z_(0,_0,_1) 1.0
13:30:58 INFO: z_(0,_0,_2) 0.0
13:30:58 INFO: z_(0,_0,_3) 0.0
13:30:58 INFO: z_(0,_0,_4) 0.0
13:30:58 INFO: z_(0,_1,_0) 0.0
13:30:58 INFO: z_(0,_1,_1) 1.0
13:30:58 INFO: z_(0,_1,_2) 0.0
13:30:58 INFO: z_(0,_1,_3) 0.0
13:30:58 INFO: z_(0,_1,_4) 0.0
13:30:58 INFO: z_(1,_0,_0) 0.0
13:30:58 INFO: z_(1,_0,_1) 1.0
13:30:58 INFO: z_(1,_0,_2) 0.0
13:30:58 INFO: z_(1,_0,_3) 0.0
13:30:58 INFO: z_(1,_0,_4) 0.0
13:30:58 INFO: z_(1,_1,_0) 0.0
13:30:58 INFO: z_(1,_1,_1) 1.0
13:30:58 INFO: z_(1,_1,_2) 0.0
13:30:58 INFO: z_(1,_1,_3) 0.0
13:30:58 INFO: z_(1,_1,_4) 0.0
13:30:58 INFO: #########
13:32:46 INFO: starting simulation...
13:32:46 INFO: simulation end
13:32:46 INFO: getting data from instance...
13:32:46 INFO: #########
13:32:47 INFO: 	 Status: Optimal
13:32:47 INFO: q_(0,_0) 0.0
13:32:47 INFO: q_(0,_1) 32.0
13:32:47 INFO: q_(0,_2) 0.0
13:32:47 INFO: q_(1,_0) 0.0
13:32:47 INFO: q_(1,_1) 0.0
13:32:47 INFO: q_(1,_2) 0.0
13:32:47 INFO: q_(2,_0) 0.0
13:32:47 INFO: q_(2,_1) 29.0
13:32:47 INFO: q_(2,_2) 0.0
13:32:47 INFO: q_NE_(0,_0) 0.0
13:32:47 INFO: q_NE_(0,_1) 0.0
13:32:47 INFO: q_NE_(0,_2) 0.0
13:32:47 INFO: q_NE_(1,_0) 0.0
13:32:47 INFO: q_NE_(1,_1) 0.0
13:32:47 INFO: q_NE_(1,_2) 0.0
13:32:47 INFO: q_NE_(2,_0) 0.0
13:32:47 INFO: q_NE_(2,_1) 14.0
13:32:47 INFO: q_NE_(2,_2) 0.0
13:32:47 INFO: q_NW_(0,_0) 0.0
13:32:47 INFO: q_NW_(0,_1) 0.0
13:32:47 INFO: q_NW_(0,_2) 0.0
13:32:47 INFO: q_NW_(1,_0) 0.0
13:32:47 INFO: q_NW_(1,_1) 0.0
13:32:47 INFO: q_NW_(1,_2) 0.0
13:32:47 INFO: q_NW_(2,_0) 0.0
13:32:47 INFO: q_NW_(2,_1) 15.0
13:32:47 INFO: q_NW_(2,_2) 0.0
13:32:47 INFO: q_SE_(0,_0) 0.0
13:32:47 INFO: q_SE_(0,_1) 18.0
13:32:47 INFO: q_SE_(0,_2) 0.0
13:32:47 INFO: q_SE_(1,_0) 0.0
13:32:47 INFO: q_SE_(1,_1) 0.0
13:32:47 INFO: q_SE_(1,_2) 0.0
13:32:47 INFO: q_SE_(2,_0) 0.0
13:32:47 INFO: q_SE_(2,_1) 0.0
13:32:47 INFO: q_SE_(2,_2) 0.0
13:32:47 INFO: q_SW_(0,_0) 0.0
13:32:47 INFO: q_SW_(0,_1) 14.0
13:32:47 INFO: q_SW_(0,_2) 0.0
13:32:47 INFO: q_SW_(1,_0) 0.0
13:32:47 INFO: q_SW_(1,_1) 0.0
13:32:47 INFO: q_SW_(1,_2) 0.0
13:32:47 INFO: q_SW_(2,_0) 0.0
13:32:47 INFO: q_SW_(2,_1) 0.0
13:32:47 INFO: q_SW_(2,_2) 0.0
13:32:47 INFO: x_(0,_0) 0.0
13:32:47 INFO: x_(0,_1) 1.0
13:32:47 INFO: x_(0,_2) 0.0
13:32:47 INFO: x_(1,_0) 0.0
13:32:47 INFO: x_(1,_1) 0.0
13:32:47 INFO: x_(1,_2) 0.0
13:32:47 INFO: x_(2,_0) 0.0
13:32:47 INFO: x_(2,_1) 1.0
13:32:47 INFO: x_(2,_2) 0.0
13:32:47 INFO: z_(0,_0,_0) 0.0
13:32:47 INFO: z_(0,_0,_1) 1.0
13:32:47 INFO: z_(0,_0,_2) 0.0
13:32:47 INFO: z_(0,_0,_3) 0.0
13:32:47 INFO: z_(0,_0,_4) 0.0
13:32:47 INFO: z_(0,_1,_0) 0.0
13:32:47 INFO: z_(0,_1,_1) 1.0
13:32:47 INFO: z_(0,_1,_2) 0.0
13:32:47 INFO: z_(0,_1,_3) 0.0
13:32:47 INFO: z_(0,_1,_4) 0.0
13:32:47 INFO: z_(1,_0,_0) 0.0
13:32:47 INFO: z_(1,_0,_1) 1.0
13:32:47 INFO: z_(1,_0,_2) 0.0
13:32:47 INFO: z_(1,_0,_3) 0.0
13:32:47 INFO: z_(1,_0,_4) 0.0
13:32:47 INFO: z_(1,_1,_0) 0.0
13:32:47 INFO: z_(1,_1,_1) 1.0
13:32:47 INFO: z_(1,_1,_2) 0.0
13:32:47 INFO: z_(1,_1,_3) 0.0
13:32:47 INFO: z_(1,_1,_4) 0.0
13:32:47 INFO: #########
13:33:50 INFO: starting simulation...
13:33:50 INFO: simulation end
13:33:50 INFO: getting data from instance...
13:33:50 INFO: #########
13:33:50 INFO: 	 Status: Optimal
13:33:50 INFO: q_(0,_0) 0.0
13:33:50 INFO: q_(0,_1) 32.0
13:33:50 INFO: q_(0,_2) 0.0
13:33:50 INFO: q_(1,_0) 0.0
13:33:50 INFO: q_(1,_1) 0.0
13:33:50 INFO: q_(1,_2) 0.0
13:33:50 INFO: q_(2,_0) 0.0
13:33:50 INFO: q_(2,_1) 29.0
13:33:50 INFO: q_(2,_2) 0.0
13:33:50 INFO: q_NE_(0,_0) 0.0
13:33:50 INFO: q_NE_(0,_1) 0.0
13:33:50 INFO: q_NE_(0,_2) 0.0
13:33:50 INFO: q_NE_(1,_0) 0.0
13:33:50 INFO: q_NE_(1,_1) 0.0
13:33:50 INFO: q_NE_(1,_2) 0.0
13:33:50 INFO: q_NE_(2,_0) 0.0
13:33:50 INFO: q_NE_(2,_1) 14.0
13:33:50 INFO: q_NE_(2,_2) 0.0
13:33:50 INFO: q_NW_(0,_0) 0.0
13:33:50 INFO: q_NW_(0,_1) 0.0
13:33:50 INFO: q_NW_(0,_2) 0.0
13:33:50 INFO: q_NW_(1,_0) 0.0
13:33:50 INFO: q_NW_(1,_1) 0.0
13:33:50 INFO: q_NW_(1,_2) 0.0
13:33:50 INFO: q_NW_(2,_0) 0.0
13:33:50 INFO: q_NW_(2,_1) 15.0
13:33:50 INFO: q_NW_(2,_2) 0.0
13:33:50 INFO: q_SE_(0,_0) 0.0
13:33:50 INFO: q_SE_(0,_1) 18.0
13:33:50 INFO: q_SE_(0,_2) 0.0
13:33:50 INFO: q_SE_(1,_0) 0.0
13:33:50 INFO: q_SE_(1,_1) 0.0
13:33:50 INFO: q_SE_(1,_2) 0.0
13:33:50 INFO: q_SE_(2,_0) 0.0
13:33:50 INFO: q_SE_(2,_1) 0.0
13:33:50 INFO: q_SE_(2,_2) 0.0
13:33:50 INFO: q_SW_(0,_0) 0.0
13:33:50 INFO: q_SW_(0,_1) 14.0
13:33:50 INFO: q_SW_(0,_2) 0.0
13:33:50 INFO: q_SW_(1,_0) 0.0
13:33:50 INFO: q_SW_(1,_1) 0.0
13:33:50 INFO: q_SW_(1,_2) 0.0
13:33:50 INFO: q_SW_(2,_0) 0.0
13:33:50 INFO: q_SW_(2,_1) 0.0
13:33:50 INFO: q_SW_(2,_2) 0.0
13:33:50 INFO: x_(0,_0) 0.0
13:33:50 INFO: x_(0,_1) 1.0
13:33:50 INFO: x_(0,_2) 0.0
13:33:50 INFO: x_(1,_0) 0.0
13:33:50 INFO: x_(1,_1) 0.0
13:33:50 INFO: x_(1,_2) 0.0
13:33:50 INFO: x_(2,_0) 0.0
13:33:50 INFO: x_(2,_1) 1.0
13:33:50 INFO: x_(2,_2) 0.0
13:33:50 INFO: z_(0,_0,_0) 0.0
13:33:50 INFO: z_(0,_0,_1) 1.0
13:33:50 INFO: z_(0,_0,_2) 0.0
13:33:50 INFO: z_(0,_0,_3) 0.0
13:33:50 INFO: z_(0,_0,_4) 0.0
13:33:50 INFO: z_(0,_1,_0) 0.0
13:33:50 INFO: z_(0,_1,_1) 1.0
13:33:50 INFO: z_(0,_1,_2) 0.0
13:33:50 INFO: z_(0,_1,_3) 0.0
13:33:50 INFO: z_(0,_1,_4) 0.0
13:33:50 INFO: z_(1,_0,_0) 0.0
13:33:50 INFO: z_(1,_0,_1) 1.0
13:33:50 INFO: z_(1,_0,_2) 0.0
13:33:50 INFO: z_(1,_0,_3) 0.0
13:33:50 INFO: z_(1,_0,_4) 0.0
13:33:50 INFO: z_(1,_1,_0) 0.0
13:33:50 INFO: z_(1,_1,_1) 1.0
13:33:50 INFO: z_(1,_1,_2) 0.0
13:33:50 INFO: z_(1,_1,_3) 0.0
13:33:50 INFO: z_(1,_1,_4) 0.0
13:33:50 INFO: #########
13:50:45 INFO: starting simulation...
13:50:45 INFO: simulation end
13:50:45 INFO: getting data from instance...
13:50:45 INFO: #########
13:50:45 INFO: 	 Status: Optimal
13:50:45 INFO: q_(0,_0) 0.0
13:50:45 INFO: q_(0,_1) 32.0
13:50:45 INFO: q_(0,_2) 0.0
13:50:45 INFO: q_(1,_0) 0.0
13:50:45 INFO: q_(1,_1) 0.0
13:50:45 INFO: q_(1,_2) 0.0
13:50:45 INFO: q_(2,_0) 0.0
13:50:45 INFO: q_(2,_1) 29.0
13:50:45 INFO: q_(2,_2) 0.0
13:50:45 INFO: q_NE_(0,_0) 0.0
13:50:45 INFO: q_NE_(0,_1) 0.0
13:50:45 INFO: q_NE_(0,_2) 0.0
13:50:45 INFO: q_NE_(1,_0) 0.0
13:50:45 INFO: q_NE_(1,_1) 0.0
13:50:45 INFO: q_NE_(1,_2) 0.0
13:50:45 INFO: q_NE_(2,_0) 0.0
13:50:45 INFO: q_NE_(2,_1) 14.0
13:50:45 INFO: q_NE_(2,_2) 0.0
13:50:45 INFO: q_NW_(0,_0) 0.0
13:50:45 INFO: q_NW_(0,_1) 0.0
13:50:45 INFO: q_NW_(0,_2) 0.0
13:50:45 INFO: q_NW_(1,_0) 0.0
13:50:45 INFO: q_NW_(1,_1) 0.0
13:50:45 INFO: q_NW_(1,_2) 0.0
13:50:45 INFO: q_NW_(2,_0) 0.0
13:50:45 INFO: q_NW_(2,_1) 15.0
13:50:45 INFO: q_NW_(2,_2) 0.0
13:50:45 INFO: q_SE_(0,_0) 0.0
13:50:45 INFO: q_SE_(0,_1) 18.0
13:50:45 INFO: q_SE_(0,_2) 0.0
13:50:45 INFO: q_SE_(1,_0) 0.0
13:50:45 INFO: q_SE_(1,_1) 0.0
13:50:45 INFO: q_SE_(1,_2) 0.0
13:50:45 INFO: q_SE_(2,_0) 0.0
13:50:45 INFO: q_SE_(2,_1) 0.0
13:50:45 INFO: q_SE_(2,_2) 0.0
13:50:45 INFO: q_SW_(0,_0) 0.0
13:50:45 INFO: q_SW_(0,_1) 14.0
13:50:45 INFO: q_SW_(0,_2) 0.0
13:50:45 INFO: q_SW_(1,_0) 0.0
13:50:45 INFO: q_SW_(1,_1) 0.0
13:50:45 INFO: q_SW_(1,_2) 0.0
13:50:45 INFO: q_SW_(2,_0) 0.0
13:50:45 INFO: q_SW_(2,_1) 0.0
13:50:45 INFO: q_SW_(2,_2) 0.0
13:50:45 INFO: x_(0,_0) 0.0
13:50:45 INFO: x_(0,_1) 1.0
13:50:45 INFO: x_(0,_2) 0.0
13:50:45 INFO: x_(1,_0) 0.0
13:50:45 INFO: x_(1,_1) 0.0
13:50:45 INFO: x_(1,_2) 0.0
13:50:45 INFO: x_(2,_0) 0.0
13:50:45 INFO: x_(2,_1) 1.0
13:50:45 INFO: x_(2,_2) 0.0
13:50:45 INFO: z_(0,_0,_0) 0.0
13:50:45 INFO: z_(0,_0,_1) 1.0
13:50:45 INFO: z_(0,_0,_2) 0.0
13:50:45 INFO: z_(0,_0,_3) 0.0
13:50:45 INFO: z_(0,_0,_4) 0.0
13:50:45 INFO: z_(0,_1,_0) 0.0
13:50:45 INFO: z_(0,_1,_1) 1.0
13:50:45 INFO: z_(0,_1,_2) 0.0
13:50:45 INFO: z_(0,_1,_3) 0.0
13:50:45 INFO: z_(0,_1,_4) 0.0
13:50:45 INFO: z_(1,_0,_0) 0.0
13:50:45 INFO: z_(1,_0,_1) 1.0
13:50:45 INFO: z_(1,_0,_2) 0.0
13:50:45 INFO: z_(1,_0,_3) 0.0
13:50:45 INFO: z_(1,_0,_4) 0.0
13:50:45 INFO: z_(1,_1,_0) 0.0
13:50:45 INFO: z_(1,_1,_1) 1.0
13:50:45 INFO: z_(1,_1,_2) 0.0
13:50:45 INFO: z_(1,_1,_3) 0.0
13:50:45 INFO: z_(1,_1,_4) 0.0
13:50:45 INFO: #########
13:52:13 INFO: starting simulation...
13:52:13 INFO: simulation end
13:52:13 INFO: getting data from instance...
13:52:13 INFO: #########
13:52:13 INFO: 	 Status: Optimal
13:52:13 INFO: q_(0,_0) 0.0
13:52:13 INFO: q_(0,_1) 32.0
13:52:13 INFO: q_(0,_2) 0.0
13:52:13 INFO: q_(1,_0) 0.0
13:52:13 INFO: q_(1,_1) 0.0
13:52:13 INFO: q_(1,_2) 0.0
13:52:13 INFO: q_(2,_0) 0.0
13:52:13 INFO: q_(2,_1) 29.0
13:52:13 INFO: q_(2,_2) 0.0
13:52:13 INFO: q_NE_(0,_0) 0.0
13:52:13 INFO: q_NE_(0,_1) 0.0
13:52:13 INFO: q_NE_(0,_2) 0.0
13:52:13 INFO: q_NE_(1,_0) 0.0
13:52:13 INFO: q_NE_(1,_1) 0.0
13:52:13 INFO: q_NE_(1,_2) 0.0
13:52:13 INFO: q_NE_(2,_0) 0.0
13:52:13 INFO: q_NE_(2,_1) 14.0
13:52:13 INFO: q_NE_(2,_2) 0.0
13:52:13 INFO: q_NW_(0,_0) 0.0
13:52:13 INFO: q_NW_(0,_1) 0.0
13:52:13 INFO: q_NW_(0,_2) 0.0
13:52:13 INFO: q_NW_(1,_0) 0.0
13:52:13 INFO: q_NW_(1,_1) 0.0
13:52:13 INFO: q_NW_(1,_2) 0.0
13:52:13 INFO: q_NW_(2,_0) 0.0
13:52:13 INFO: q_NW_(2,_1) 15.0
13:52:13 INFO: q_NW_(2,_2) 0.0
13:52:13 INFO: q_SE_(0,_0) 0.0
13:52:13 INFO: q_SE_(0,_1) 18.0
13:52:13 INFO: q_SE_(0,_2) 0.0
13:52:13 INFO: q_SE_(1,_0) 0.0
13:52:13 INFO: q_SE_(1,_1) 0.0
13:52:13 INFO: q_SE_(1,_2) 0.0
13:52:13 INFO: q_SE_(2,_0) 0.0
13:52:13 INFO: q_SE_(2,_1) 0.0
13:52:13 INFO: q_SE_(2,_2) 0.0
13:52:13 INFO: q_SW_(0,_0) 0.0
13:52:13 INFO: q_SW_(0,_1) 14.0
13:52:13 INFO: q_SW_(0,_2) 0.0
13:52:13 INFO: q_SW_(1,_0) 0.0
13:52:13 INFO: q_SW_(1,_1) 0.0
13:52:13 INFO: q_SW_(1,_2) 0.0
13:52:13 INFO: q_SW_(2,_0) 0.0
13:52:13 INFO: q_SW_(2,_1) 0.0
13:52:13 INFO: q_SW_(2,_2) 0.0
13:52:13 INFO: x_(0,_0) 0.0
13:52:13 INFO: x_(0,_1) 1.0
13:52:13 INFO: x_(0,_2) 0.0
13:52:13 INFO: x_(1,_0) 0.0
13:52:13 INFO: x_(1,_1) 0.0
13:52:13 INFO: x_(1,_2) 0.0
13:52:13 INFO: x_(2,_0) 0.0
13:52:13 INFO: x_(2,_1) 1.0
13:52:13 INFO: x_(2,_2) 0.0
13:52:13 INFO: z_(0,_0,_0) 0.0
13:52:13 INFO: z_(0,_0,_1) 1.0
13:52:13 INFO: z_(0,_0,_2) 0.0
13:52:13 INFO: z_(0,_0,_3) 0.0
13:52:13 INFO: z_(0,_0,_4) 0.0
13:52:13 INFO: z_(0,_1,_0) 0.0
13:52:13 INFO: z_(0,_1,_1) 1.0
13:52:13 INFO: z_(0,_1,_2) 0.0
13:52:13 INFO: z_(0,_1,_3) 0.0
13:52:13 INFO: z_(0,_1,_4) 0.0
13:52:13 INFO: z_(1,_0,_0) 0.0
13:52:13 INFO: z_(1,_0,_1) 1.0
13:52:13 INFO: z_(1,_0,_2) 0.0
13:52:13 INFO: z_(1,_0,_3) 0.0
13:52:13 INFO: z_(1,_0,_4) 0.0
13:52:13 INFO: z_(1,_1,_0) 0.0
13:52:13 INFO: z_(1,_1,_1) 1.0
13:52:13 INFO: z_(1,_1,_2) 0.0
13:52:13 INFO: z_(1,_1,_3) 0.0
13:52:13 INFO: z_(1,_1,_4) 0.0
13:52:13 INFO: #########
13:58:23 INFO: starting simulation...
13:58:23 INFO: simulation end
13:58:23 INFO: getting data from instance...
13:58:23 INFO: #########
13:58:23 INFO: 	 Status: Optimal
13:58:23 INFO: q_(0,_0) 0.0
13:58:23 INFO: q_(0,_1) 32.0
13:58:23 INFO: q_(0,_2) 0.0
13:58:23 INFO: q_(1,_0) 0.0
13:58:23 INFO: q_(1,_1) 0.0
13:58:23 INFO: q_(1,_2) 0.0
13:58:23 INFO: q_(2,_0) 0.0
13:58:23 INFO: q_(2,_1) 29.0
13:58:23 INFO: q_(2,_2) 0.0
13:58:23 INFO: q_NE_(0,_0) 0.0
13:58:23 INFO: q_NE_(0,_1) 0.0
13:58:23 INFO: q_NE_(0,_2) 0.0
13:58:23 INFO: q_NE_(1,_0) 0.0
13:58:23 INFO: q_NE_(1,_1) 0.0
13:58:23 INFO: q_NE_(1,_2) 0.0
13:58:23 INFO: q_NE_(2,_0) 0.0
13:58:23 INFO: q_NE_(2,_1) 14.0
13:58:23 INFO: q_NE_(2,_2) 0.0
13:58:23 INFO: q_NW_(0,_0) 0.0
13:58:23 INFO: q_NW_(0,_1) 0.0
13:58:23 INFO: q_NW_(0,_2) 0.0
13:58:23 INFO: q_NW_(1,_0) 0.0
13:58:23 INFO: q_NW_(1,_1) 0.0
13:58:23 INFO: q_NW_(1,_2) 0.0
13:58:23 INFO: q_NW_(2,_0) 0.0
13:58:23 INFO: q_NW_(2,_1) 15.0
13:58:23 INFO: q_NW_(2,_2) 0.0
13:58:23 INFO: q_SE_(0,_0) 0.0
13:58:23 INFO: q_SE_(0,_1) 18.0
13:58:23 INFO: q_SE_(0,_2) 0.0
13:58:23 INFO: q_SE_(1,_0) 0.0
13:58:23 INFO: q_SE_(1,_1) 0.0
13:58:23 INFO: q_SE_(1,_2) 0.0
13:58:23 INFO: q_SE_(2,_0) 0.0
13:58:23 INFO: q_SE_(2,_1) 0.0
13:58:23 INFO: q_SE_(2,_2) 0.0
13:58:23 INFO: q_SW_(0,_0) 0.0
13:58:23 INFO: q_SW_(0,_1) 14.0
13:58:23 INFO: q_SW_(0,_2) 0.0
13:58:23 INFO: q_SW_(1,_0) 0.0
13:58:23 INFO: q_SW_(1,_1) 0.0
13:58:23 INFO: q_SW_(1,_2) 0.0
13:58:23 INFO: q_SW_(2,_0) 0.0
13:58:23 INFO: q_SW_(2,_1) 0.0
13:58:23 INFO: q_SW_(2,_2) 0.0
13:58:23 INFO: x_(0,_0) 0.0
13:58:23 INFO: x_(0,_1) 1.0
13:58:23 INFO: x_(0,_2) 0.0
13:58:23 INFO: x_(1,_0) 0.0
13:58:23 INFO: x_(1,_1) 0.0
13:58:23 INFO: x_(1,_2) 0.0
13:58:23 INFO: x_(2,_0) 0.0
13:58:23 INFO: x_(2,_1) 1.0
13:58:23 INFO: x_(2,_2) 0.0
13:58:23 INFO: z_(0,_0,_0) 0.0
13:58:23 INFO: z_(0,_0,_1) 1.0
13:58:23 INFO: z_(0,_0,_2) 0.0
13:58:23 INFO: z_(0,_0,_3) 0.0
13:58:23 INFO: z_(0,_0,_4) 0.0
13:58:23 INFO: z_(0,_1,_0) 0.0
13:58:23 INFO: z_(0,_1,_1) 1.0
13:58:23 INFO: z_(0,_1,_2) 0.0
13:58:23 INFO: z_(0,_1,_3) 0.0
13:58:23 INFO: z_(0,_1,_4) 0.0
13:58:23 INFO: z_(1,_0,_0) 0.0
13:58:23 INFO: z_(1,_0,_1) 1.0
13:58:23 INFO: z_(1,_0,_2) 0.0
13:58:23 INFO: z_(1,_0,_3) 0.0
13:58:23 INFO: z_(1,_0,_4) 0.0
13:58:23 INFO: z_(1,_1,_0) 0.0
13:58:23 INFO: z_(1,_1,_1) 1.0
13:58:23 INFO: z_(1,_1,_2) 0.0
13:58:23 INFO: z_(1,_1,_3) 0.0
13:58:23 INFO: z_(1,_1,_4) 0.0
13:58:23 INFO: #########
